proguard.cfg
-optimizationpasses 5
-dontusemixedcaseclassnames
-dontskipnonpubliclibraryclasses
-dontpreverify
-verbose
-optimizations !code/simplification/arithmetic,!field/*,!class/merging/*

-keep public class * extends android.app.Activity
-keep public class * extends android.app.Application
-keep public class * extends android.app.Service
-keep public class * extends android.content.BroadcastReceiver
-keep public class * extends android.content.ContentProvider
-keep public class * extends android.app.backup.BackupAgentHelper
-keep public class * extends android.preference.Preference
-keep public class com.android.vending.licensing.ILicensingService
-keep class org.gaeproxy.db.** {
    *;
}

# Explicitly preserve all serialization members. The Serializable interface
# is only a marker interface, so it wouldn't save them.
# You can comment this out if your application doesn't use serialization.
# If your code contains serializable classes that have to be backward 
# compatible, please refer to the manual.

-keepclassmembers class * implements java.io.Serializable {
    static final long serialVersionUID;
    static final java.io.ObjectStreamField[] serialPersistentFields;
    private void writeObject(java.io.ObjectOutputStream);
    private void readObject(java.io.ObjectInputStream);
    java.lang.Object writeReplace();
    java.lang.Object readResolve();
}

-adaptresourcefilenames    **.properties,**.gif,**.jpg
-adaptresourcefilecontents **.properties,META-INF/MANIFEST.MF

# Your application may contain more items that need to be preserved; 
# typically classes that are dynamically created using Class.forName:
# ormlite uses reflection

-keep class com.j256.**  {
    *; 
} 

-keepattributes *Annotation*

-keepclassmembers class * { 
  public <init>(android.content.Context); 
} 

# admob already shrunk
-keep class com.admob.**

-keepclasseswithmembers class * {
    native <methods>;
}

-keepclasseswithmembers class * {
    public <init>(android.content.Context, android.util.AttributeSet);
}

-keepclasseswithmembers class * {
    public <init>(android.content.Context, android.util.AttributeSet, int);
}

-keepclassmembers enum * {
    public static **[] values();
    public static ** valueOf(java.lang.String);
}

-keep class * implements android.os.Parcelable {
  public static final android.os.Parcelable$Creator *;
}

-libraryjars libs/ormlite-android-4.33.jar 
-libraryjars libs/ormlite-core-4.33.jar 