proguard/seeds.txt
org.gaeproxy.AppManager
org.gaeproxy.GAEProxy
org.gaeproxy.GAEProxyReceiver
org.gaeproxy.GAEProxyService
org.gaeproxy.GAEProxyWidgetProvider
org.gaeproxy.zirco.providers.WeaveContentProvider
org.gaeproxy.zirco.ui.activities.AboutActivity
org.gaeproxy.zirco.ui.activities.AdBlockerWhiteListActivity
org.gaeproxy.zirco.ui.activities.BookmarksHistoryActivity
org.gaeproxy.zirco.ui.activities.BookmarksListActivity
org.gaeproxy.zirco.ui.activities.ChangelogActivity
org.gaeproxy.zirco.ui.activities.DownloadsListActivity
org.gaeproxy.zirco.ui.activities.EditBookmarkActivity
org.gaeproxy.zirco.ui.activities.HistoryListActivity
org.gaeproxy.zirco.ui.activities.MainActivity
org.gaeproxy.zirco.ui.activities.MainActivity$SwitchTabsMethod: org.gaeproxy.zirco.ui.activities.MainActivity$SwitchTabsMethod[] values()
org.gaeproxy.zirco.ui.activities.MainActivity$SwitchTabsMethod: org.gaeproxy.zirco.ui.activities.MainActivity$SwitchTabsMethod valueOf(java.lang.String)
org.gaeproxy.zirco.ui.activities.MobileViewListActivity
org.gaeproxy.zirco.ui.activities.WeaveBookmarksListActivity
org.gaeproxy.zirco.ui.activities.preferences.BaseSpinnerCustomPreferenceActivity
org.gaeproxy.zirco.ui.activities.preferences.HomepagePreferenceActivity
org.gaeproxy.zirco.ui.activities.preferences.PreferencesActivity
org.gaeproxy.zirco.ui.activities.preferences.SearchUrlPreferenceActivity
org.gaeproxy.zirco.ui.activities.preferences.UserAgentPreferenceActivity
org.gaeproxy.zirco.ui.activities.preferences.WeavePreferencesActivity
org.gaeproxy.zirco.ui.activities.preferences.WeaveServerPreferenceActivity
org.gaeproxy.zirco.ui.components.CustomWebView
org.gaeproxy.zirco.ui.components.CustomWebView: CustomWebView(android.content.Context,android.util.AttributeSet)
...
com.flurry.android.CatalogActivity
com.google.ads.AdActivity
com.google.ads.AdRequest$ErrorCode: com.google.ads.AdRequest$ErrorCode[] values()
com.google.ads.AdRequest$ErrorCode: com.google.ads.AdRequest$ErrorCode valueOf(java.lang.String)
com.google.ads.AdRequest$Gender: com.google.ads.AdRequest$Gender[] values()
com.google.ads.AdRequest$Gender: com.google.ads.AdRequest$Gender valueOf(java.lang.String)
com.google.ads.AdView
com.google.ads.AdView: AdView(android.content.Context,android.util.AttributeSet)
com.google.ads.AdView: AdView(android.content.Context,android.util.AttributeSet,int)
com.google.ads.ab$b: com.google.ads.ab$b[] values()
com.google.ads.ab$b: com.google.ads.ab$b valueOf(java.lang.String)
com.google.ads.searchads.SearchAdRequest$BorderType: com.google.ads.searchads.SearchAdRequest$BorderType[] values()
com.google.ads.searchads.SearchAdRequest$BorderType: com.google.ads.searchads.SearchAdRequest$BorderType valueOf(java.lang.String)
com.google.ads.util.AdUtil$UserActivityReceiver
com.google.ads.util.AdUtil$a: com.google.ads.util.AdUtil$a[] values()
com.google.ads.util.AdUtil$a: com.google.ads.util.AdUtil$a valueOf(java.lang.String)
com.google.android.apps.analytics.AnalyticsReceiver
org.emergent.android.weave.client.UserWeave$CollectionNode: org.emergent.android.weave.client.UserWeave$CollectionNode[] values()
org.emergent.android.weave.client.UserWeave$CollectionNode: org.emergent.android.weave.client.UserWeave$CollectionNode valueOf(java.lang.String)
org.emergent.android.weave.client.UserWeave$HashNode: org.emergent.android.weave.client.UserWeave$HashNode[] values()
org.emergent.android.weave.client.UserWeave$HashNode: org.emergent.android.weave.client.UserWeave$HashNode valueOf(java.lang.String)
org.emergent.android.weave.client.WeaveException$ExceptionType: org.emergent.android.weave.client.WeaveException$ExceptionType[] values()
org.emergent.android.weave.client.WeaveException$ExceptionType: org.emergent.android.weave.client.WeaveException$ExceptionType valueOf(java.lang.String)
org.emergent.android.weave.client.WeaveHeader: org.emergent.android.weave.client.WeaveHeader[] values()
org.emergent.android.weave.client.WeaveHeader: org.emergent.android.weave.client.WeaveHeader valueOf(java.lang.String)