proguard/mapping.txt
org.gaeproxy.AppManager -> org.gaeproxy.AppManager:
    org.gaeproxy.ProxyedApp[] apps -> b
    android.widget.ListView listApps -> c
    org.gaeproxy.AppManager mAppManager -> d
    android.widget.TextView overlay -> e
    android.app.ProgressDialog pd -> f
    android.widget.ListAdapter adapter -> g
    org.gaeproxy.ImageLoader dm -> h
    boolean appsLoaded -> i
    android.os.Handler handler -> a
    org.gaeproxy.ProxyedApp[] getProxyedApps(android.content.Context) -> a
    void onCheckedChanged(android.widget.CompoundButton,boolean) -> onCheckedChanged
    void onClick(android.view.View) -> onClick
    void onCreate(android.os.Bundle) -> onCreate
    void onResume() -> onResume
    void onStop() -> onStop
    void saveAppSettings$faab20d() -> a
    void access$0(org.gaeproxy.AppManager,android.app.ProgressDialog) -> a
    android.widget.ListView access$1(org.gaeproxy.AppManager) -> a
    android.widget.ListAdapter access$2(org.gaeproxy.AppManager) -> b
    org.gaeproxy.ProxyedApp[] access$3(org.gaeproxy.AppManager) -> c
    android.widget.TextView access$4(org.gaeproxy.AppManager) -> d
    android.app.ProgressDialog access$5(org.gaeproxy.AppManager) -> e
    org.gaeproxy.AppManager access$6(org.gaeproxy.AppManager) -> f
    org.gaeproxy.ImageLoader access$7(org.gaeproxy.AppManager) -> g
    void access$8(org.gaeproxy.AppManager,android.widget.ListView) -> a
    boolean access$9(org.gaeproxy.AppManager) -> h
org.gaeproxy.AppManager$1 -> org.gaeproxy.a:
    org.gaeproxy.AppManager this$0 -> a
    void handleMessage(android.os.Message) -> handleMessage
    org.gaeproxy.AppManager access$0(org.gaeproxy.AppManager$1) -> a
org.gaeproxy.AppManager$1$1 -> org.gaeproxy.b:
    boolean visible -> a
    org.gaeproxy.AppManager$1 this$1 -> b
    void onScroll(android.widget.AbsListView,int,int,int) -> onScroll
    void onScrollStateChanged(android.widget.AbsListView,int) -> onScrollStateChanged
org.gaeproxy.AppManager$2 -> org.gaeproxy.c:
    org.gaeproxy.AppManager this$0 -> a
    int compare(java.lang.Object,java.lang.Object) -> compare
org.gaeproxy.AppManager$3 -> org.gaeproxy.d:
    org.gaeproxy.AppManager this$0 -> a
    android.view.LayoutInflater val$inflater -> b
    android.view.View getView(int,android.view.View,android.view.ViewGroup) -> getView
org.gaeproxy.AppManager$4 -> org.gaeproxy.e:
    org.gaeproxy.AppManager this$0 -> a
    void run() -> run
org.gaeproxy.AppManager$ListEntry -> org.gaeproxy.f:
    android.widget.CheckBox box -> a
    android.widget.TextView text -> b
    android.widget.ImageView icon -> c
    void access$1(org.gaeproxy.AppManager$ListEntry,android.widget.ImageView) -> a
    void access$2(org.gaeproxy.AppManager$ListEntry,android.widget.CheckBox) -> a
    void access$3(org.gaeproxy.AppManager$ListEntry,android.widget.TextView) -> a
    android.widget.TextView access$4(org.gaeproxy.AppManager$ListEntry) -> a
    android.widget.CheckBox access$5(org.gaeproxy.AppManager$ListEntry) -> b
    android.widget.ImageView access$6(org.gaeproxy.AppManager$ListEntry) -> c
org.gaeproxy.Base64 -> org.gaeproxy.g:
    byte[] _STANDARD_ALPHABET -> b
    byte[] _STANDARD_DECODABET -> c
    byte[] _URL_SAFE_ALPHABET -> d
    byte[] _URL_SAFE_DECODABET -> e
    byte[] _ORDERED_ALPHABET -> f
    byte[] _ORDERED_DECODABET -> g
    boolean $assertionsDisabled -> a
    byte[] decode$3bcfdf96$7dcc7401(byte[],int) -> a
    byte[] decode(java.lang.String) -> a
    byte[] decode$44bd1c79(java.lang.String) -> b
    int decode4to3$5c8eef61(byte[],byte[],int,int) -> b
    byte[] encode3to4(byte[],int,int,byte[],int,int) -> a
    java.lang.String encodeBytes(byte[]) -> a
    java.lang.String encodeBytes$5fb0bea7(byte[],int) -> b
    byte[] encodeBytesToBytes(byte[]) -> b
    byte[] encodeBytesToBytes$3bcfdf96(byte[],int) -> c
    byte[] getDecodabet(int) -> a
    int access$2$5c8eef61(byte[],byte[],int) -> a
    byte[] access$3(byte[],byte[],int,int) -> a
...
org.emergent.android.weave.client.WeaveConstants -> org.a.a.a.a.p:
    java.lang.String PACKAGE_NAME -> c
    java.lang.String APP_VERSION_STRING -> d
    java.lang.String USER_AGENT_DEFAULT -> e
    java.lang.String LOGGER_NAME -> f
    java.lang.String LOGGER_NAME_FULL -> a
    java.lang.String USER_AGENT -> b
    java.lang.String getProperty(java.lang.String,java.lang.String) -> a
org.emergent.android.weave.client.WeaveCryptoUtil -> org.a.a.a.a.q:
    byte[] HMAC_INPUT -> a
    java.util.regex.Pattern ILLEGAL_USERNAME_PATTERN -> b
    org.emergent.android.weave.client.WeaveCryptoUtil sm_instance -> c
    byte[] deriveSyncHmacKey(byte[],byte[],java.lang.String) -> a
    byte[] deriveSyncKey(byte[],java.lang.String) -> a
    org.emergent.android.weave.client.WeaveCryptoUtil getInstance() -> a
    boolean initProvider(java.lang.String,java.lang.String) -> a
    byte[] decrypt(java.security.Key,java.security.Key,java.lang.String,java.lang.String,java.lang.String) -> a
    java.lang.String legalizeUsername(java.lang.String) -> a
org.emergent.android.weave.client.WeaveException -> org.a.a.a.a.r:
    org.emergent.android.weave.client.WeaveException$ExceptionType m_type -> a
org.emergent.android.weave.client.WeaveException$ExceptionType -> org.a.a.a.a.s:
    org.emergent.android.weave.client.WeaveException$ExceptionType GENERAL -> a
    org.emergent.android.weave.client.WeaveException$ExceptionType BACKOFF -> b
    org.emergent.android.weave.client.WeaveException$ExceptionType[] ENUM$VALUES -> c
    org.emergent.android.weave.client.WeaveException$ExceptionType[] values() -> values
    org.emergent.android.weave.client.WeaveException$ExceptionType valueOf(java.lang.String) -> valueOf
org.emergent.android.weave.client.WeaveFactory -> org.a.a.a.a.t:
    org.emergent.android.weave.client.WeaveTransport m_transport -> a
    boolean m_acceptInvalidCerts -> b
    boolean m_useConnectionPool -> c
    org.emergent.android.weave.client.UserWeave createUserWeave(java.net.URI,java.lang.String,java.lang.String) -> a
    org.emergent.android.weave.client.WeaveTransport getWeaveTransport() -> a
org.emergent.android.weave.client.WeaveHeader -> org.a.a.a.a.u:
    org.emergent.android.weave.client.WeaveHeader X_WEAVE_BACKOFF -> a
    org.emergent.android.weave.client.WeaveHeader X_WEAVE_ALERT -> b
    org.emergent.android.weave.client.WeaveHeader X_WEAVE_TIMESTAMP -> c
    org.emergent.android.weave.client.WeaveHeader X_WEAVE_RECORDS -> d
    org.emergent.android.weave.client.WeaveHeader X_WEAVE_IF_UNMODIFIED_SINCE -> e
    java.lang.String m_name -> f
    org.emergent.android.weave.client.WeaveHeader[] ENUM$VALUES -> g
    java.lang.String getName() -> a
    org.emergent.android.weave.client.WeaveHeader[] values() -> values
    org.emergent.android.weave.client.WeaveHeader valueOf(java.lang.String) -> valueOf
org.emergent.android.weave.client.WeaveResponse -> org.a.a.a.a.v:
    org.emergent.android.weave.client.WeaveTransport$WeaveResponseHeaders m_responseHeaders -> a
    java.lang.String m_body -> b
    java.net.URI m_uri -> c
    java.lang.String getBody() -> a
    org.emergent.android.weave.client.WeaveTransport$WeaveResponseHeaders getResponseHeaders() -> b
    java.util.Date getServerTimestamp() -> c
    java.net.URI getUri() -> d
    void setUri(java.net.URI) -> a