proguard/usage.txt
org.gaeproxy.APNManager
org.gaeproxy.APNManager$ApnInfo
org.gaeproxy.AppManager:
    private static final int MSG_LOAD_START
    private static final int MSG_LOAD_FINISH
    public static final java.lang.String PREFS_KEY_PROXYED
org.gaeproxy.Base64:
    public static final int NO_OPTIONS
    public static final int ENCODE
    public static final int DECODE
    public static final int GZIP
    public static final int DONT_GUNZIP
    public static final int DO_BREAK_LINES
    public static final int URL_SAFE
    public static final int ORDERED
    private static final int MAX_LINE_LENGTH
    private static final byte EQUALS_SIGN
    private static final byte NEW_LINE
    private static final java.lang.String PREFERRED_ENCODING
    private static final byte WHITE_SPACE_ENC
    private static final byte EQUALS_SIGN_ENC
    906:914:public static byte[] decode(byte[])
    1234:1250:public static void decodeFileToFile(java.lang.String,java.lang.String)
    1272:1313:public static byte[] decodeFromFile(java.lang.String)
    1337:1353:public static void decodeToFile(java.lang.String,java.lang.String)
    1373:1373:public static java.lang.Object decodeToObject(java.lang.String)
    1402:1454:public static java.lang.Object decodeToObject(java.lang.String,int,java.lang.ClassLoader)
    1471:1480:public static void encode(java.nio.ByteBuffer,java.nio.ByteBuffer)
    1496:1507:public static void encode(java.nio.ByteBuffer,java.nio.CharBuffer)
    1676:1676:public static java.lang.String encodeBytes(byte[],int)
    1707:1714:public static java.lang.String encodeBytes(byte[],int,int)
    1961:1977:public static void encodeFileToFile(java.lang.String,java.lang.String)
org.gaeproxy.Base64$1
org.gaeproxy.Base64$InputStream
org.gaeproxy.Base64$OutputStream:
    503:504:public void resumeEncoding()
    515:517:public void suspendEncoding()
org.gaeproxy.DNSServer:
    private static final int MAX_THREAD_NUM
    private static final java.lang.String CANT_RESOLVE
    389:389:public int getServPort()
    417:417:public boolean isClosed()
    421:421:public boolean isInService()
    822:822:public void setProxyHost(java.lang.String)
    825:826:public void setTarget(java.lang.String)
    835:861:private java.lang.String shake(java.lang.String)
    865:869:public boolean test(java.lang.String,java.lang.String)
org.gaeproxy.DnsResponse:
    private static final long serialVersionUID
    63:82:public java.lang.String getIPString()
    89:89:public int getReqTimes()
org.gaeproxy.DomainValidator:
    private static final java.lang.String DOMAIN_LABEL_REGEX
    private static final java.lang.String TOP_LABEL_REGEX
    private static final java.lang.String DOMAIN_NAME_REGEX
org.gaeproxy.GAEProxy:
    private static final java.lang.String TAG
    public static final java.lang.String PREFS_NAME
    private static final int MSG_INSTALL_START
    private static final int MSG_INSTALL_SUCCESS
    private static final int MSG_INSTALL_FAIL
    private static final int MSG_CRASH_RECOVER
    private static final int MSG_INITIAL_FINISH
    349:359:private boolean checkApkExist(java.lang.String)
org.gaeproxy.GAEProxyReceiver:
    private static final java.lang.String TAG
org.gaeproxy.GAEProxyService:
    public static final java.lang.String BASE
    private static final int MSG_CONNECT_START
    private static final int MSG_CONNECT_FINISH
    private static final int MSG_CONNECT_SUCCESS
    private static final int MSG_CONNECT_FAIL
    private static final int MSG_HOST_CHANGE
    private static final int MSG_STOP_SELF
    static final java.lang.String CMD_IPTABLES_RETURN
    static final java.lang.String CMD_IPTABLES_REDIRECT_ADD_HTTP
    static final java.lang.String CMD_IPTABLES_REDIRECT_ADD_HTTPS
    static final java.lang.String CMD_IPTABLES_DNAT_ADD_HTTP
    static final java.lang.String CMD_IPTABLES_DNAT_ADD_HTTPS
    private static final java.lang.String TAG
...
org.emergent.android.weave.client.Base64Encoder:
    43:88:public int decode(byte[],int,int,java.io.OutputStream)
    188:237:public int encode(byte[],int,int,java.io.OutputStream)
    251:254:private int nextI(byte[],int,int)
org.emergent.android.weave.client.Dbg:
    128:129:public static varargs void d(java.lang.String,java.lang.Object[])
    136:137:public static varargs void d(java.lang.Throwable,java.lang.String,java.lang.Object[])
    158:164:private static varargs void logf(java.util.logging.Level,java.lang.Throwable,java.lang.String,java.lang.Object[])
    168:168:public static varargs void v(java.lang.String,java.lang.Object[])
    172:172:public static void v(java.lang.Throwable)
    176:176:public static varargs void v(java.lang.Throwable,java.lang.String,java.lang.Object[])
    187:188:public static varargs void w(java.lang.Throwable,java.lang.String,java.lang.Object[])
org.emergent.android.weave.client.Hex:
    16:24:public static byte[] decode(byte[])
    33:41:public static byte[] decode(java.lang.String)
    51:51:public static int decode(java.lang.String,java.io.OutputStream)
    87:87:public static int encode(byte[],int,int,java.io.OutputStream)
    96:96:public static int encode(byte[],java.io.OutputStream)
org.emergent.android.weave.client.HexEncoder:
    31:62:public int decode(byte[],int,int,java.io.OutputStream)
    73:104:public int decode(java.lang.String,java.io.OutputStream)
    125:125:private boolean ignore(char)
org.emergent.android.weave.client.QueryParams:
    38:38:public java.util.Date getNewer()
    42:42:public java.util.Date getOlder()
    46:46:public java.lang.String getSort()
    50:50:public boolean isFull()
    64:65:public org.emergent.android.weave.client.QueryParams setOlder(java.util.Date)
    69:70:public org.emergent.android.weave.client.QueryParams setSort(java.lang.String)
org.emergent.android.weave.client.QueryResult:
    44:44:public java.util.Date getServerTimestamp()
    48:50:public long getServerTimestampInSeconds()
    54:54:public java.net.URI getUri()
org.emergent.android.weave.client.UserWeave:
    105:107:public void authenticate()
    110:111:public void authenticateSecret(char[])
    124:128:public boolean checkUsernameAvailable()
    240:249:protected java.security.interfaces.RSAPublicKey getPublicKey()
    280:280:public final java.net.URI setClusterUri(java.net.URI)
    284:285:public void shutdown()
org.emergent.android.weave.client.UserWeave$CollectionNode
org.emergent.android.weave.client.WeaveAccountInfo:
    29:29:public static org.emergent.android.weave.client.WeaveAccountInfo createWeaveAccountInfo(java.lang.String,java.lang.String,java.lang.String,char[])
org.emergent.android.weave.client.WeaveBasicObject:
    79:80:public org.json.JSONObject getEncryptedPayload(java.security.Key,java.security.Key)
    96:96:public java.lang.String getId()
    100:100:public java.lang.String getModified()
    104:104:public java.util.Date getModifiedDate()
    112:112:public java.lang.String getSortIndex()
    116:132:public java.net.URI getUri()
    136:136:public org.json.JSONObject toJSONObject()
    140:140:public java.lang.String toJSONObjectString()
org.emergent.android.weave.client.WeaveConstants:
    private static final java.lang.String APP_NAME
    private static final double APP_VERSION
    private static final java.lang.String LOGGER_NAME_DEFAULT
    static final java.lang.String WEAVE_API_VERSION
    static final int UNAUTHORIZED_HTTP_STATUS_CODE
    public static final boolean ALLOW_INVALID_CERTS_DEFAULT
    static final boolean CONNECTION_POOL_ENABLED_DEFAULT